<?xml version="1.0" encoding="UTF-8"?>
<testsuite xmlns:xsi="http://www.w3.org/2001/XMLSchema-instance" xsi:noNamespaceSchemaLocation="https://maven.apache.org/surefire/maven-surefire-plugin/xsd/surefire-test-report.xsd" name="com.moozlee.easy_chat.common.AppTest" time="0.022" tests="1" errors="0" skipped="0" failures="0">
  <properties>
    <property name="sun.desktop" value="windows"/>
    <property name="awt.toolkit" value="sun.awt.windows.WToolkit"/>
    <property name="java.specification.version" value="11"/>
    <property name="sun.cpu.isalist" value="amd64"/>
    <property name="sun.jnu.encoding" value="GBK"/>
    <property name="java.class.path" value="D:\Program\IdeaProjects\easy_chat\target\test-classes;D:\Program\IdeaProjects\easy_chat\target\classes;D:\Program\.m2\repository\org\springframework\boot\spring-boot-starter\2.5.4\spring-boot-starter-2.5.4.jar;D:\Program\.m2\repository\org\springframework\boot\spring-boot\2.5.4\spring-boot-2.5.4.jar;D:\Program\.m2\repository\org\springframework\spring-context\5.3.9\spring-context-5.3.9.jar;D:\Program\.m2\repository\org\springframework\spring-aop\5.3.9\spring-aop-5.3.9.jar;D:\Program\.m2\repository\org\springframework\spring-beans\5.3.9\spring-beans-5.3.9.jar;D:\Program\.m2\repository\org\springframework\spring-expression\5.3.9\spring-expression-5.3.9.jar;D:\Program\.m2\repository\org\springframework\boot\spring-boot-autoconfigure\2.5.4\spring-boot-autoconfigure-2.5.4.jar;D:\Program\.m2\repository\org\springframework\boot\spring-boot-starter-logging\2.5.4\spring-boot-starter-logging-2.5.4.jar;D:\Program\.m2\repository\ch\qos\logback\logback-classic\1.2.5\logback-classic-1.2.5.jar;D:\Program\.m2\repository\ch\qos\logback\logback-core\1.2.5\logback-core-1.2.5.jar;D:\Program\.m2\repository\org\slf4j\slf4j-api\1.7.32\slf4j-api-1.7.32.jar;D:\Program\.m2\repository\org\apache\logging\log4j\log4j-to-slf4j\2.14.1\log4j-to-slf4j-2.14.1.jar;D:\Program\.m2\repository\org\apache\logging\log4j\log4j-api\2.14.1\log4j-api-2.14.1.jar;D:\Program\.m2\repository\org\slf4j\jul-to-slf4j\1.7.32\jul-to-slf4j-1.7.32.jar;D:\Program\.m2\repository\jakarta\annotation\jakarta.annotation-api\1.3.5\jakarta.annotation-api-1.3.5.jar;D:\Program\.m2\repository\org\springframework\spring-core\5.3.9\spring-core-5.3.9.jar;D:\Program\.m2\repository\org\springframework\spring-jcl\5.3.9\spring-jcl-5.3.9.jar;D:\Program\.m2\repository\org\yaml\snakeyaml\1.28\snakeyaml-1.28.jar;D:\Program\.m2\repository\junit\junit\4.11\junit-4.11.jar;D:\Program\.m2\repository\org\hamcrest\hamcrest-core\2.2\hamcrest-core-2.2.jar;D:\Program\.m2\repository\org\hamcrest\hamcrest\2.2\hamcrest-2.2.jar;"/>
    <property name="java.vm.vendor" value="Oracle Corporation"/>
    <property name="sun.arch.data.model" value="64"/>
    <property name="user.variant" value=""/>
    <property name="java.vendor.url" value="https://openjdk.java.net/"/>
    <property name="user.timezone" value="Asia/Shanghai"/>
    <property name="java.vm.specification.version" value="11"/>
    <property name="os.name" value="Windows 10"/>
    <property name="sun.java.launcher" value="SUN_STANDARD"/>
    <property name="user.country" value="CN"/>
    <property name="sun.boot.library.path" value="C:\Program Files\Java\jdk-11.0.11\bin"/>
    <property name="sun.java.command" value="C:\Users\li\AppData\Local\Temp\surefire4183102223132053584\surefirebooter9469277061961846423.jar C:\Users\li\AppData\Local\Temp\surefire4183102223132053584 2021-09-16T16-35-32_578-jvmRun1 surefire552761116685929175tmp surefire_012572498545047864287tmp"/>
    <property name="jdk.debug" value="release"/>
    <property name="surefire.test.class.path" value="D:\Program\IdeaProjects\easy_chat\target\test-classes;D:\Program\IdeaProjects\easy_chat\target\classes;D:\Program\.m2\repository\org\springframework\boot\spring-boot-starter\2.5.4\spring-boot-starter-2.5.4.jar;D:\Program\.m2\repository\org\springframework\boot\spring-boot\2.5.4\spring-boot-2.5.4.jar;D:\Program\.m2\repository\org\springframework\spring-context\5.3.9\spring-context-5.3.9.jar;D:\Program\.m2\repository\org\springframework\spring-aop\5.3.9\spring-aop-5.3.9.jar;D:\Program\.m2\repository\org\springframework\spring-beans\5.3.9\spring-beans-5.3.9.jar;D:\Program\.m2\repository\org\springframework\spring-expression\5.3.9\spring-expression-5.3.9.jar;D:\Program\.m2\repository\org\springframework\boot\spring-boot-autoconfigure\2.5.4\spring-boot-autoconfigure-2.5.4.jar;D:\Program\.m2\repository\org\springframework\boot\spring-boot-starter-logging\2.5.4\spring-boot-starter-logging-2.5.4.jar;D:\Program\.m2\repository\ch\qos\logback\logback-classic\1.2.5\logback-classic-1.2.5.jar;D:\Program\.m2\repository\ch\qos\logback\logback-core\1.2.5\logback-core-1.2.5.jar;D:\Program\.m2\repository\org\slf4j\slf4j-api\1.7.32\slf4j-api-1.7.32.jar;D:\Program\.m2\repository\org\apache\logging\log4j\log4j-to-slf4j\2.14.1\log4j-to-slf4j-2.14.1.jar;D:\Program\.m2\repository\org\apache\logging\log4j\log4j-api\2.14.1\log4j-api-2.14.1.jar;D:\Program\.m2\repository\org\slf4j\jul-to-slf4j\1.7.32\jul-to-slf4j-1.7.32.jar;D:\Program\.m2\repository\jakarta\annotation\jakarta.annotation-api\1.3.5\jakarta.annotation-api-1.3.5.jar;D:\Program\.m2\repository\org\springframework\spring-core\5.3.9\spring-core-5.3.9.jar;D:\Program\.m2\repository\org\springframework\spring-jcl\5.3.9\spring-jcl-5.3.9.jar;D:\Program\.m2\repository\org\yaml\snakeyaml\1.28\snakeyaml-1.28.jar;D:\Program\.m2\repository\junit\junit\4.11\junit-4.11.jar;D:\Program\.m2\repository\org\hamcrest\hamcrest-core\2.2\hamcrest-core-2.2.jar;D:\Program\.m2\repository\org\hamcrest\hamcrest\2.2\hamcrest-2.2.jar;"/>
    <property name="sun.cpu.endian" value="little"/>
    <property name="user.home" value="C:\Users\li"/>
    <property name="user.language" value="zh"/>
    <property name="java.specification.vendor" value="Oracle Corporation"/>
    <property name="java.version.date" value="2021-04-20"/>
    <property name="java.home" value="C:\Program Files\Java\jdk-11.0.11"/>
    <property name="file.separator" value="\"/>
    <property name="basedir" value="D:\Program\IdeaProjects\easy_chat\common"/>
    <property name="java.vm.compressedOopsMode" value="Zero based"/>
    <property name="line.separator" value="&#10;"/>
    <property name="java.specification.name" value="Java Platform API Specification"/>
    <property name="java.vm.specification.vendor" value="Oracle Corporation"/>
    <property name="java.awt.graphicsenv" value="sun.awt.Win32GraphicsEnvironment"/>
    <property name="surefire.real.class.path" value="C:\Users\li\AppData\Local\Temp\surefire4183102223132053584\surefirebooter9469277061961846423.jar"/>
    <property name="user.script" value=""/>
    <property name="sun.management.compiler" value="HotSpot 64-Bit Tiered Compilers"/>
    <property name="java.runtime.version" value="11.0.11+9-LTS-194"/>
    <property name="user.name" value="li"/>
    <property name="path.separator" value=";"/>
    <property name="os.version" value="10.0"/>
    <property name="java.runtime.name" value="Java(TM) SE Runtime Environment"/>
    <property name="file.encoding" value="GBK"/>
    <property name="java.vm.name" value="Java HotSpot(TM) 64-Bit Server VM"/>
    <property name="java.vendor.version" value="18.9"/>
    <property name="localRepository" value="D:\Program\.m2\repository"/>
    <property name="java.vendor.url.bug" value="https://bugreport.java.com/bugreport/"/>
    <property name="java.io.tmpdir" value="C:\Users\li\AppData\Local\Temp\"/>
    <property name="idea.version" value="2020.2.3"/>
    <property name="java.version" value="11.0.11"/>
    <property name="user.dir" value="D:\Program\IdeaProjects\easy_chat\common"/>
    <property name="os.arch" value="amd64"/>
    <property name="java.vm.specification.name" value="Java Virtual Machine Specification"/>
    <property name="java.awt.printerjob" value="sun.awt.windows.WPrinterJob"/>
    <property name="sun.os.patch.level" value=""/>
    <property name="java.library.path" value="C:\Program Files\Java\jdk-11.0.11\bin;C:\windows\Sun\Java\bin;C:\windows\system32;C:\windows;C:\Users\li\AppData\Local\Programs\Python\Python39\Scripts\;C:\Users\li\AppData\Local\Programs\Python\Python39\;D:\Daily Software\NetSang\Xftp 6\;D:\Daily Software\NetSang\Xshell 6\;%PYTHONE_HOME%\Scripts\;D:\Daily Software\Python39;C:\windows\system32;C:\windows;C:\windows\System32\Wbem;C:\windows\System32\WindowsPowerShell\v1.0\;C:\windows\System32\OpenSSH\;C:\Program Files (x86)\NVIDIA Corporation\PhysX\Common;D:\Daily Software\Maven\apache-maven-3.6.3\bin;D:\Daily Software\Tomcat\apache-tomcat-9.0.34\bin;D:\Daily Software\Tomcat\apache-tomcat-9.0.34\lib;D:\Daily Software\MinGW\bin;D:\Daily Software\Git\cmd;D:\Daily Software\MySQL\mysql-8.0.22\bin;D:\Daily Software\nodejs;C:\ProgramData\chocolatey\bin;D:\Daily Software\nodejs\node_global;D:\Daily Software\gradle-6.7\bin;C:\Program Files\Java\jdk-11.0.11\bin;C:\Program Files\Java\jdk-11.0.11\jre\bin;D:\Enviroment\anaconda3;D:\Enviroment\anaconda3\Scripts;D:\Enviroment\anaconda3\Library\bin;D:\Enviroment\anaconda3\Library\mingw-w64\bin;D:\Daily Software\protoc-3.17.3-win64\bin;C:\Users\li\AppData\Local\Microsoft\WindowsApps;D:\Bandizip\;D:\Daily Software\JetBrains\IntelliJ IDEA 2020.2.3\bin;;D:\Daily Software\Bandizip\;C:\Users\li\AppData\Roaming\npm;D:\Daily Software\JetBrains\DataGrip 2020.2.3\bin;;D:\Daily Software\JetBrains\CLion 2020.2.4\bin;;D:\Daily Software\JetBrains\PyCharm 2020.2.3\bin;;D:\Daily Software\JetBrains\JetBrains Rider 2020.2.4\bin;;C:\Users\li\AppData\Local\GitHubDesktop\bin;D:\Daily Software\JetBrains\WebStorm 2020.3.3\bin;;."/>
    <property name="java.vendor" value="Oracle Corporation"/>
    <property name="java.vm.info" value="mixed mode"/>
    <property name="java.vm.version" value="11.0.11+9-LTS-194"/>
    <property name="sun.io.unicode.encoding" value="UnicodeLittle"/>
    <property name="java.class.version" value="55.0"/>
  </properties>
  <testcase name="shouldAnswerWithTrue" classname="com.moozlee.easy_chat.common.AppTest" time="0.001"/>
</testsuite>